# JRE version: OpenJDK Runtime Environment Homebrew (11.0.12) (build 11.0.12+0)
# Java VM: OpenJDK 64-Bit Server VM Homebrew (11.0.12+0, mixed mode, tiered, compressed oops, g1 gc, bsd-aarch64)
Heap:
 garbage-first heap   total 315392K, used 168960K [0x00000006c0000000, 0x00000007c0000000)
  region size 1024K, 79 young (80896K), 21 survivors (21504K)
 Metaspace       used 46655K, capacity 47886K, committed 48000K, reserved 1091584K
  class space    used 5135K, capacity 5665K, committed 5760K, reserved 1048576K
GC Heap History (20 events):
Event: 0.606 GC heap before
{Heap before GC invocations=0 (full 0):
 garbage-first heap   total 262144K, used 23552K [0x00000006c0000000, 0x00000007c0000000)
  region size 1024K, 24 young (24576K), 0 survivors (0K)
 Metaspace       used 12311K, capacity 12576K, committed 12672K, reserved 1060864K
  class space    used 1264K, capacity 1367K, committed 1408K, reserved 1048576K
}
Event: 0.610 GC heap after
{Heap after GC invocations=1 (full 0):
 garbage-first heap   total 262144K, used 3464K [0x00000006c0000000, 0x00000007c0000000)
  region size 1024K, 3 young (3072K), 3 survivors (3072K)
 Metaspace       used 12311K, capacity 12576K, committed 12672K, reserved 1060864K
  class space    used 1264K, capacity 1367K, committed 1408K, reserved 1048576K
}
Event: 1.363 GC heap before
{Heap before GC invocations=1 (full 0):
 garbage-first heap   total 262144K, used 157064K [0x00000006c0000000, 0x00000007c0000000)
  region size 1024K, 153 young (156672K), 3 survivors (3072K)
 Metaspace       used 20299K, capacity 20633K, committed 20736K, reserved 1067008K
  class space    used 2145K, capacity 2265K, committed 2304K, reserved 1048576K
}
Event: 1.375 GC heap after
{Heap after GC invocations=2 (full 0):
 garbage-first heap   total 262144K, used 28929K [0x00000006c0000000, 0x00000007c0000000)
  region size 1024K, 20 young (20480K), 20 survivors (20480K)
 Metaspace       used 20299K, capacity 20633K, committed 20736K, reserved 1067008K
  class space    used 2145K, capacity 2265K, committed 2304K, reserved 1048576K
}
Event: 1.554 GC heap before
{Heap before GC invocations=2 (full 0):
 garbage-first heap   total 262144K, used 84225K [0x00000006c0000000, 0x00000007c0000000)
  region size 1024K, 74 young (75776K), 20 survivors (20480K)
 Metaspace       used 20727K, capacity 21017K, committed 21248K, reserved 1069056K
  class space    used 2157K, capacity 2265K, committed 2304K, reserved 1048576K
}
Event: 1.565 GC heap after
{Heap after GC invocations=3 (full 0):
 garbage-first heap   total 262144K, used 34066K [0x00000006c0000000, 0x00000007c0000000)
  region size 1024K, 10 young (10240K), 10 survivors (10240K)
 Metaspace       used 20727K, capacity 21017K, committed 21248K, reserved 1069056K
  class space    used 2157K, capacity 2265K, committed 2304K, reserved 1048576K
}
Event: 1.598 GC heap before
{Heap before GC invocations=3 (full 0):
 garbage-first heap   total 262144K, used 37138K [0x00000006c0000000, 0x00000007c0000000)
  region size 1024K, 14 young (14336K), 10 survivors (10240K)
 Metaspace       used 20956K, capacity 21241K, committed 21248K, reserved 1069056K
  class space    used 2173K, capacity 2297K, committed 2304K, reserved 1048576K
}
Event: 1.602 GC heap after
{Heap after GC invocations=4 (full 0):
 garbage-first heap   total 262144K, used 35485K [0x00000006c0000000, 0x00000007c0000000)
  region size 1024K, 2 young (2048K), 2 survivors (2048K)
 Metaspace       used 20956K, capacity 21241K, committed 21248K, reserved 1069056K
  class space    used 2173K, capacity 2297K, committed 2304K, reserved 1048576K
}
Event: 2.148 GC heap before
{Heap before GC invocations=5 (full 0):
 garbage-first heap   total 262144K, used 146077K [0x00000006c0000000, 0x00000007c0000000)
  region size 1024K, 117 young (119808K), 2 survivors (2048K)
 Metaspace       used 22416K, capacity 22796K, committed 23040K, reserved 1069056K
  class space    used 2294K, capacity 2452K, committed 2560K, reserved 1048576K
}
Event: 2.150 GC heap after
{Heap after GC invocations=6 (full 0):
 garbage-first heap   total 315392K, used 35577K [0x00000006c0000000, 0x00000007c0000000)
  region size 1024K, 9 young (9216K), 9 survivors (9216K)
 Metaspace       used 22416K, capacity 22796K, committed 23040K, reserved 1069056K
  class space    used 2294K, capacity 2452K, committed 2560K, reserved 1048576K
}
Event: 3.701 GC heap before
{Heap before GC invocations=6 (full 0):
 garbage-first heap   total 315392K, used 202489K [0x00000006c0000000, 0x00000007c0000000)
  region size 1024K, 172 young (176128K), 9 survivors (9216K)
 Metaspace       used 28041K, capacity 28771K, committed 28928K, reserved 1075200K
  class space    used 2962K, capacity 3246K, committed 3328K, reserved 1048576K
}
Event: 3.704 GC heap after
{Heap after GC invocations=7 (full 0):
 garbage-first heap   total 315392K, used 41165K [0x00000006c0000000, 0x00000007c0000000)
  region size 1024K, 15 young (15360K), 15 survivors (15360K)
 Metaspace       used 28041K, capacity 28771K, committed 28928K, reserved 1075200K
  class space    used 2962K, capacity 3246K, committed 3328K, reserved 1048576K
}
Event: 4.185 GC heap before
{Heap before GC invocations=7 (full 0):
 garbage-first heap   total 315392K, used 118989K [0x00000006c0000000, 0x00000007c0000000)
  region size 1024K, 92 young (94208K), 15 survivors (15360K)
 Metaspace       used 34897K, capacity 35645K, committed 35840K, reserved 1081344K
  class space    used 3773K, capacity 4072K, committed 4096K, reserved 1048576K
}
Event: 4.189 GC heap after
{Heap after GC invocations=8 (full 0):
 garbage-first heap   total 315392K, used 52996K [0x00000006c0000000, 0x00000007c0000000)
  region size 1024K, 18 young (18432K), 18 survivors (18432K)
 Metaspace       used 34897K, capacity 35645K, committed 35840K, reserved 1081344K
  class space    used 3773K, capacity 4072K, committed 4096K, reserved 1048576K
}
Event: 4.524 GC heap before
{Heap before GC invocations=9 (full 0):
 garbage-first heap   total 315392K, used 221956K [0x00000006c0000000, 0x00000007c0000000)
  region size 1024K, 184 young (188416K), 18 survivors (18432K)
 Metaspace       used 35483K, capacity 36248K, committed 36480K, reserved 1081344K
  class space    used 3821K, capacity 4145K, committed 4224K, reserved 1048576K
}
Event: 4.528 GC heap after
{Heap after GC invocations=10 (full 0):
 garbage-first heap   total 315392K, used 72668K [0x00000006c0000000, 0x00000007c0000000)
  region size 1024K, 23 young (23552K), 23 survivors (23552K)
 Metaspace       used 35483K, capacity 36248K, committed 36480K, reserved 1081344K
  class space    used 3821K, capacity 4145K, committed 4224K, reserved 1048576K
}
Event: 5.031 GC heap before
{Heap before GC invocations=10 (full 0):
 garbage-first heap   total 315392K, used 231388K [0x00000006c0000000, 0x00000007c0000000)
  region size 1024K, 178 young (182272K), 23 survivors (23552K)
 Metaspace       used 41950K, capacity 42865K, committed 43008K, reserved 1087488K
  class space    used 4631K, capacity 5002K, committed 5120K, reserved 1048576K
}
Event: 5.034 GC heap after
{Heap after GC invocations=11 (full 0):
 garbage-first heap   total 315392K, used 81671K [0x00000006c0000000, 0x00000007c0000000)
  region size 1024K, 15 young (15360K), 15 survivors (15360K)
 Metaspace       used 41950K, capacity 42865K, committed 43008K, reserved 1087488K
  class space    used 4631K, capacity 5002K, committed 5120K, reserved 1048576K
}
Event: 5.807 GC heap before
{Heap before GC invocations=11 (full 0):
 garbage-first heap   total 315392K, used 234247K [0x00000006c0000000, 0x00000007c0000000)
  region size 1024K, 165 young (168960K), 15 survivors (15360K)
 Metaspace       used 46620K, capacity 47885K, committed 48000K, reserved 1091584K
  class space    used 5135K, capacity 5665K, committed 5760K, reserved 1048576K
}
Event: 5.816 GC heap after
{Heap after GC invocations=12 (full 0):
 garbage-first heap   total 315392K, used 111616K [0x00000006c0000000, 0x00000007c0000000)
  region size 1024K, 21 young (21504K), 21 survivors (21504K)
 Metaspace       used 46620K, capacity 47885K, committed 48000K, reserved 1091584K
  class space    used 5135K, capacity 5665K, committed 5760K, reserved 1048576K
}

